<?xml version="1.0" encoding="UTF-8"?>
<testsuite name="cn.edu.tju.AskForLeaveApplicationTests" tests="1" skipped="0" failures="0" errors="0" timestamp="2016-12-17T12:42:20" hostname="yongheng-pc" time="0.116">
  <properties/>
  <testcase name="contextLoads" classname="cn.edu.tju.AskForLeaveApplicationTests" time="0.116"/>
  <system-out><![CDATA[20:42:19.294 [Test worker] DEBUG org.springframework.test.context.junit4.SpringJUnit4ClassRunner - SpringJUnit4ClassRunner constructor called with [class cn.edu.tju.AskForLeaveApplicationTests]
20:42:19.309 [Test worker] DEBUG org.springframework.test.context.BootstrapUtils - Instantiating CacheAwareContextLoaderDelegate from class [org.springframework.test.context.cache.DefaultCacheAwareContextLoaderDelegate]
20:42:19.340 [Test worker] DEBUG org.springframework.test.context.BootstrapUtils - Instantiating BootstrapContext using constructor [public org.springframework.test.context.support.DefaultBootstrapContext(java.lang.Class,org.springframework.test.context.CacheAwareContextLoaderDelegate)]
20:42:19.347 [Test worker] DEBUG org.springframework.test.context.BootstrapUtils - Instantiating TestContextBootstrapper for test class [cn.edu.tju.AskForLeaveApplicationTests] from class [org.springframework.test.context.support.DefaultTestContextBootstrapper]
20:42:19.363 [Test worker] INFO org.springframework.test.context.support.DefaultTestContextBootstrapper - Neither @ContextConfiguration nor @ContextHierarchy found for test class [cn.edu.tju.AskForLeaveApplicationTests], using DelegatingSmartContextLoader
20:42:19.378 [Test worker] DEBUG org.springframework.test.context.support.AbstractDelegatingSmartContextLoader - Delegating to GenericXmlContextLoader to process context configuration [ContextConfigurationAttributes@1be729db declaringClass = 'cn.edu.tju.AskForLeaveApplicationTests', classes = '{}', locations = '{}', inheritLocations = false, initializers = '{}', inheritInitializers = true, name = [null], contextLoaderClass = 'org.springframework.test.context.ContextLoader'].
20:42:19.378 [Test worker] DEBUG org.springframework.test.context.support.AbstractContextLoader - Did not detect default resource location for test class [cn.edu.tju.AskForLeaveApplicationTests]: class path resource [cn/edu/tju/AskForLeaveApplicationTests-context.xml] does not exist
20:42:19.378 [Test worker] INFO org.springframework.test.context.support.AbstractContextLoader - Could not detect default resource locations for test class [cn.edu.tju.AskForLeaveApplicationTests]: no resource found for suffixes {-context.xml}.
20:42:19.378 [Test worker] DEBUG org.springframework.test.context.support.AbstractDelegatingSmartContextLoader - Delegating to AnnotationConfigContextLoader to process context configuration [ContextConfigurationAttributes@1be729db declaringClass = 'cn.edu.tju.AskForLeaveApplicationTests', classes = '{}', locations = '{}', inheritLocations = false, initializers = '{}', inheritInitializers = true, name = [null], contextLoaderClass = 'org.springframework.test.context.ContextLoader'].
20:42:19.378 [Test worker] INFO org.springframework.test.context.support.AnnotationConfigContextLoaderUtils - Could not detect default configuration classes for test class [cn.edu.tju.AskForLeaveApplicationTests]: AskForLeaveApplicationTests does not declare any static, non-private, non-final, nested classes annotated with @Configuration.
20:42:19.494 [Test worker] DEBUG org.springframework.test.context.support.ActiveProfilesUtils - Could not find an 'annotation declaring class' for annotation type [org.springframework.test.context.ActiveProfiles] and class [cn.edu.tju.AskForLeaveApplicationTests]
20:42:19.494 [Test worker] DEBUG org.springframework.test.context.support.DefaultTestContextBootstrapper - @TestExecutionListeners is not present for class [cn.edu.tju.AskForLeaveApplicationTests]: using defaults.
20:42:19.494 [Test worker] INFO org.springframework.test.context.support.DefaultTestContextBootstrapper - Loaded default TestExecutionListener class names from location [META-INF/spring.factories]: [org.springframework.boot.test.mock.mockito.MockitoTestExecutionListener, org.springframework.boot.test.mock.mockito.ResetMocksTestExecutionListener, org.springframework.boot.test.autoconfigure.restdocs.RestDocsTestExecutionListener, org.springframework.boot.test.autoconfigure.web.client.MockRestServiceServerResetTestExecutionListener, org.springframework.boot.test.autoconfigure.web.servlet.MockMvcPrintOnlyOnFailureTestExecutionListener, org.springframework.boot.test.autoconfigure.web.servlet.WebDriverTestExecutionListener, org.springframework.test.context.web.ServletTestExecutionListener, org.springframework.test.context.support.DirtiesContextBeforeModesTestExecutionListener, org.springframework.test.context.support.DependencyInjectionTestExecutionListener, org.springframework.test.context.support.DirtiesContextTestExecutionListener, org.springframework.test.context.transaction.TransactionalTestExecutionListener, org.springframework.test.context.jdbc.SqlScriptsTestExecutionListener]
20:42:19.551 [Test worker] INFO org.springframework.test.context.support.DefaultTestContextBootstrapper - Using TestExecutionListeners: [org.springframework.test.context.web.ServletTestExecutionListener@d58c083, org.springframework.test.context.support.DirtiesContextBeforeModesTestExecutionListener@23662c19, org.springframework.test.context.support.DependencyInjectionTestExecutionListener@6315a719, org.springframework.test.context.support.DirtiesContextTestExecutionListener@73e82496, org.springframework.test.context.transaction.TransactionalTestExecutionListener@38ffaeb0, org.springframework.test.context.jdbc.SqlScriptsTestExecutionListener@2aeb4b52, org.springframework.boot.test.autoconfigure.restdocs.RestDocsTestExecutionListener@64080c79, org.springframework.boot.test.autoconfigure.web.client.MockRestServiceServerResetTestExecutionListener@56f648fa, org.springframework.boot.test.mock.mockito.MockitoTestExecutionListener@13b9f6ba, org.springframework.boot.test.mock.mockito.ResetMocksTestExecutionListener@63789e44, org.springframework.boot.test.autoconfigure.web.servlet.MockMvcPrintOnlyOnFailureTestExecutionListener@47b73d96, org.springframework.boot.test.autoconfigure.web.servlet.WebDriverTestExecutionListener@23620c02]
20:42:19.557 [Test worker] DEBUG org.springframework.test.annotation.ProfileValueUtils - Retrieved @ProfileValueSourceConfiguration [null] for test class [cn.edu.tju.AskForLeaveApplicationTests]
20:42:19.558 [Test worker] DEBUG org.springframework.test.annotation.ProfileValueUtils - Retrieved ProfileValueSource type [class org.springframework.test.annotation.SystemProfileValueSource] for class [cn.edu.tju.AskForLeaveApplicationTests]
20:42:19.560 [Test worker] DEBUG org.springframework.test.annotation.ProfileValueUtils - Retrieved @ProfileValueSourceConfiguration [null] for test class [cn.edu.tju.AskForLeaveApplicationTests]
20:42:19.561 [Test worker] DEBUG org.springframework.test.annotation.ProfileValueUtils - Retrieved ProfileValueSource type [class org.springframework.test.annotation.SystemProfileValueSource] for class [cn.edu.tju.AskForLeaveApplicationTests]
20:42:19.566 [Test worker] DEBUG org.springframework.test.context.support.AbstractDirtiesContextTestExecutionListener - Before test class: context [DefaultTestContext@3dd834e6 testClass = AskForLeaveApplicationTests, testInstance = [null], testMethod = [null], testException = [null], mergedContextConfiguration = [MergedContextConfiguration@4a9d8723 testClass = AskForLeaveApplicationTests, locations = '{}', classes = '{}', contextInitializerClasses = '[]', activeProfiles = '{}', propertySourceLocations = '{}', propertySourceProperties = '{}', contextCustomizers = set[org.springframework.boot.test.context.filter.ExcludeFilterContextCustomizer@7850e6eb, org.springframework.boot.test.mock.mockito.MockitoContextCustomizer@0, org.springframework.boot.test.autoconfigure.properties.PropertyMappingContextCustomizer@0, org.springframework.boot.test.autoconfigure.web.servlet.WebDriverContextCustomizerFactory$Customizer@71264206], contextLoader = 'org.springframework.test.context.support.DelegatingSmartContextLoader', parent = [null]]], class annotated with @DirtiesContext [false] with mode [null].
20:42:19.567 [Test worker] DEBUG org.springframework.test.annotation.ProfileValueUtils - Retrieved @ProfileValueSourceConfiguration [null] for test class [cn.edu.tju.AskForLeaveApplicationTests]
20:42:19.567 [Test worker] DEBUG org.springframework.test.annotation.ProfileValueUtils - Retrieved ProfileValueSource type [class org.springframework.test.annotation.SystemProfileValueSource] for class [cn.edu.tju.AskForLeaveApplicationTests]
20:42:19.568 [Test worker] DEBUG org.springframework.test.context.support.DependencyInjectionTestExecutionListener - Performing dependency injection for test context [[DefaultTestContext@3dd834e6 testClass = AskForLeaveApplicationTests, testInstance = cn.edu.tju.AskForLeaveApplicationTests@2584d4d3, testMethod = [null], testException = [null], mergedContextConfiguration = [MergedContextConfiguration@4a9d8723 testClass = AskForLeaveApplicationTests, locations = '{}', classes = '{}', contextInitializerClasses = '[]', activeProfiles = '{}', propertySourceLocations = '{}', propertySourceProperties = '{}', contextCustomizers = set[org.springframework.boot.test.context.filter.ExcludeFilterContextCustomizer@7850e6eb, org.springframework.boot.test.mock.mockito.MockitoContextCustomizer@0, org.springframework.boot.test.autoconfigure.properties.PropertyMappingContextCustomizer@0, org.springframework.boot.test.autoconfigure.web.servlet.WebDriverContextCustomizerFactory$Customizer@71264206], contextLoader = 'org.springframework.test.context.support.DelegatingSmartContextLoader', parent = [null]]]].
20:42:19.568 [Test worker] DEBUG org.springframework.test.context.support.AbstractDelegatingSmartContextLoader - Delegating to AnnotationConfigContextLoader to load context from [MergedContextConfiguration@4a9d8723 testClass = AskForLeaveApplicationTests, locations = '{}', classes = '{}', contextInitializerClasses = '[]', activeProfiles = '{}', propertySourceLocations = '{}', propertySourceProperties = '{}', contextCustomizers = set[org.springframework.boot.test.context.filter.ExcludeFilterContextCustomizer@7850e6eb, org.springframework.boot.test.mock.mockito.MockitoContextCustomizer@0, org.springframework.boot.test.autoconfigure.properties.PropertyMappingContextCustomizer@0, org.springframework.boot.test.autoconfigure.web.servlet.WebDriverContextCustomizerFactory$Customizer@71264206], contextLoader = 'org.springframework.test.context.support.DelegatingSmartContextLoader', parent = [null]].
20:42:19.568 [Test worker] DEBUG org.springframework.test.context.support.AbstractGenericContextLoader - Loading ApplicationContext for merged context configuration [[MergedContextConfiguration@4a9d8723 testClass = AskForLeaveApplicationTests, locations = '{}', classes = '{}', contextInitializerClasses = '[]', activeProfiles = '{}', propertySourceLocations = '{}', propertySourceProperties = '{}', contextCustomizers = set[org.springframework.boot.test.context.filter.ExcludeFilterContextCustomizer@7850e6eb, org.springframework.boot.test.mock.mockito.MockitoContextCustomizer@0, org.springframework.boot.test.autoconfigure.properties.PropertyMappingContextCustomizer@0, org.springframework.boot.test.autoconfigure.web.servlet.WebDriverContextCustomizerFactory$Customizer@71264206], contextLoader = 'org.springframework.test.context.support.DelegatingSmartContextLoader', parent = [null]]].
20:42:19.715 [Test worker] DEBUG org.springframework.core.env.StandardEnvironment - Adding [systemProperties] PropertySource with lowest search precedence
20:42:19.715 [Test worker] DEBUG org.springframework.core.env.StandardEnvironment - Adding [systemEnvironment] PropertySource with lowest search precedence
20:42:19.715 [Test worker] DEBUG org.springframework.core.env.StandardEnvironment - Initialized StandardEnvironment with PropertySources [systemProperties,systemEnvironment]
20:42:19.715 [Test worker] DEBUG org.springframework.test.context.support.AnnotationConfigContextLoader - Registering annotated classes: {}
20:42:19.799 [Test worker] INFO org.springframework.context.support.GenericApplicationContext - Refreshing org.springframework.context.support.GenericApplicationContext@4b5804d4: startup date [Sat Dec 17 20:42:19 CST 2016]; root of context hierarchy
20:42:19.799 [Test worker] DEBUG org.springframework.context.support.GenericApplicationContext - Bean factory for org.springframework.context.support.GenericApplicationContext@4b5804d4: org.springframework.beans.factory.support.DefaultListableBeanFactory@678743fc: defining beans [org.springframework.context.annotation.internalConfigurationAnnotationProcessor,org.springframework.context.annotation.internalAutowiredAnnotationProcessor,org.springframework.context.annotation.internalRequiredAnnotationProcessor,org.springframework.context.annotation.internalCommonAnnotationProcessor,org.springframework.context.annotation.internalPersistenceAnnotationProcessor,org.springframework.context.event.internalEventListenerProcessor,org.springframework.context.event.internalEventListenerFactory,org.springframework.boot.test.mock.mockito.MockitoPostProcessor$SpyPostProcessor,org.springframework.boot.test.mock.mockito.MockitoPostProcessor]; root of factory hierarchy
20:42:19.815 [Test worker] DEBUG org.springframework.beans.factory.support.DefaultListableBeanFactory - Creating shared instance of singleton bean 'org.springframework.context.annotation.internalConfigurationAnnotationProcessor'
20:42:19.815 [Test worker] DEBUG org.springframework.beans.factory.support.DefaultListableBeanFactory - Creating instance of bean 'org.springframework.context.annotation.internalConfigurationAnnotationProcessor'
20:42:19.846 [Test worker] DEBUG org.springframework.beans.factory.support.DefaultListableBeanFactory - Eagerly caching bean 'org.springframework.context.annotation.internalConfigurationAnnotationProcessor' to allow for resolving potential circular references
20:42:19.865 [Test worker] DEBUG org.springframework.beans.factory.support.DefaultListableBeanFactory - Finished creating instance of bean 'org.springframework.context.annotation.internalConfigurationAnnotationProcessor'
20:42:19.868 [Test worker] DEBUG org.springframework.beans.factory.support.DefaultListableBeanFactory - Creating shared instance of singleton bean 'org.springframework.boot.test.mock.mockito.MockitoPostProcessor'
20:42:19.868 [Test worker] DEBUG org.springframework.beans.factory.support.DefaultListableBeanFactory - Creating instance of bean 'org.springframework.boot.test.mock.mockito.MockitoPostProcessor'
20:42:19.931 [Test worker] DEBUG org.springframework.beans.factory.support.DefaultListableBeanFactory - Eagerly caching bean 'org.springframework.boot.test.mock.mockito.MockitoPostProcessor' to allow for resolving potential circular references
20:42:19.931 [Test worker] DEBUG org.springframework.beans.factory.support.DefaultListableBeanFactory - Finished creating instance of bean 'org.springframework.boot.test.mock.mockito.MockitoPostProcessor'
20:42:19.931 [Test worker] DEBUG org.springframework.beans.factory.support.DefaultListableBeanFactory - Creating shared instance of singleton bean 'org.springframework.context.annotation.internalAutowiredAnnotationProcessor'
20:42:19.931 [Test worker] DEBUG org.springframework.beans.factory.support.DefaultListableBeanFactory - Creating instance of bean 'org.springframework.context.annotation.internalAutowiredAnnotationProcessor'
20:42:19.931 [Test worker] DEBUG org.springframework.beans.factory.support.DefaultListableBeanFactory - Eagerly caching bean 'org.springframework.context.annotation.internalAutowiredAnnotationProcessor' to allow for resolving potential circular references
20:42:19.931 [Test worker] DEBUG org.springframework.beans.factory.support.DefaultListableBeanFactory - Finished creating instance of bean 'org.springframework.context.annotation.internalAutowiredAnnotationProcessor'
20:42:19.931 [Test worker] DEBUG org.springframework.beans.factory.support.DefaultListableBeanFactory - Creating shared instance of singleton bean 'org.springframework.context.annotation.internalRequiredAnnotationProcessor'
20:42:19.931 [Test worker] DEBUG org.springframework.beans.factory.support.DefaultListableBeanFactory - Creating instance of bean 'org.springframework.context.annotation.internalRequiredAnnotationProcessor'
20:42:19.931 [Test worker] DEBUG org.springframework.beans.factory.support.DefaultListableBeanFactory - Eagerly caching bean 'org.springframework.context.annotation.internalRequiredAnnotationProcessor' to allow for resolving potential circular references
20:42:19.931 [Test worker] DEBUG org.springframework.beans.factory.support.DefaultListableBeanFactory - Finished creating instance of bean 'org.springframework.context.annotation.internalRequiredAnnotationProcessor'
20:42:19.931 [Test worker] DEBUG org.springframework.beans.factory.support.DefaultListableBeanFactory - Creating shared instance of singleton bean 'org.springframework.context.annotation.internalCommonAnnotationProcessor'
20:42:19.931 [Test worker] DEBUG org.springframework.beans.factory.support.DefaultListableBeanFactory - Creating instance of bean 'org.springframework.context.annotation.internalCommonAnnotationProcessor'
20:42:19.984 [Test worker] DEBUG org.springframework.beans.factory.support.DefaultListableBeanFactory - Eagerly caching bean 'org.springframework.context.annotation.internalCommonAnnotationProcessor' to allow for resolving potential circular references
20:42:19.984 [Test worker] DEBUG org.springframework.beans.factory.support.DefaultListableBeanFactory - Finished creating instance of bean 'org.springframework.context.annotation.internalCommonAnnotationProcessor'
20:42:19.984 [Test worker] DEBUG org.springframework.beans.factory.support.DefaultListableBeanFactory - Creating shared instance of singleton bean 'org.springframework.context.annotation.internalPersistenceAnnotationProcessor'
20:42:19.984 [Test worker] DEBUG org.springframework.beans.factory.support.DefaultListableBeanFactory - Creating instance of bean 'org.springframework.context.annotation.internalPersistenceAnnotationProcessor'
20:42:19.984 [Test worker] DEBUG org.springframework.beans.factory.support.DefaultListableBeanFactory - Eagerly caching bean 'org.springframework.context.annotation.internalPersistenceAnnotationProcessor' to allow for resolving potential circular references
20:42:19.984 [Test worker] DEBUG org.springframework.beans.factory.support.DefaultListableBeanFactory - Finished creating instance of bean 'org.springframework.context.annotation.internalPersistenceAnnotationProcessor'
20:42:19.984 [Test worker] DEBUG org.springframework.beans.factory.support.DefaultListableBeanFactory - Creating shared instance of singleton bean 'org.springframework.boot.test.mock.mockito.MockitoPostProcessor$SpyPostProcessor'
20:42:19.984 [Test worker] DEBUG org.springframework.beans.factory.support.DefaultListableBeanFactory - Creating instance of bean 'org.springframework.boot.test.mock.mockito.MockitoPostProcessor$SpyPostProcessor'
20:42:20.000 [Test worker] DEBUG org.springframework.beans.factory.support.DefaultListableBeanFactory - Returning cached instance of singleton bean 'org.springframework.boot.test.mock.mockito.MockitoPostProcessor'
20:42:20.000 [Test worker] DEBUG org.springframework.beans.factory.support.DefaultListableBeanFactory - Eagerly caching bean 'org.springframework.boot.test.mock.mockito.MockitoPostProcessor$SpyPostProcessor' to allow for resolving potential circular references
20:42:20.000 [Test worker] DEBUG org.springframework.beans.factory.support.DefaultListableBeanFactory - Finished creating instance of bean 'org.springframework.boot.test.mock.mockito.MockitoPostProcessor$SpyPostProcessor'
20:42:20.000 [Test worker] DEBUG org.springframework.beans.factory.support.DefaultListableBeanFactory - Creating shared instance of singleton bean 'org.springframework.context.annotation.ConfigurationClassPostProcessor.importAwareProcessor'
20:42:20.000 [Test worker] DEBUG org.springframework.beans.factory.support.DefaultListableBeanFactory - Creating instance of bean 'org.springframework.context.annotation.ConfigurationClassPostProcessor.importAwareProcessor'
20:42:20.000 [Test worker] DEBUG org.springframework.beans.factory.support.DefaultListableBeanFactory - Eagerly caching bean 'org.springframework.context.annotation.ConfigurationClassPostProcessor.importAwareProcessor' to allow for resolving potential circular references
20:42:20.000 [Test worker] DEBUG org.springframework.beans.factory.support.DefaultListableBeanFactory - Finished creating instance of bean 'org.springframework.context.annotation.ConfigurationClassPostProcessor.importAwareProcessor'
20:42:20.000 [Test worker] DEBUG org.springframework.beans.factory.support.DefaultListableBeanFactory - Creating shared instance of singleton bean 'org.springframework.context.annotation.ConfigurationClassPostProcessor.enhancedConfigurationProcessor'
20:42:20.000 [Test worker] DEBUG org.springframework.beans.factory.support.DefaultListableBeanFactory - Creating instance of bean 'org.springframework.context.annotation.ConfigurationClassPostProcessor.enhancedConfigurationProcessor'
20:42:20.000 [Test worker] DEBUG org.springframework.beans.factory.support.DefaultListableBeanFactory - Eagerly caching bean 'org.springframework.context.annotation.ConfigurationClassPostProcessor.enhancedConfigurationProcessor' to allow for resolving potential circular references
20:42:20.000 [Test worker] DEBUG org.springframework.beans.factory.support.DefaultListableBeanFactory - Finished creating instance of bean 'org.springframework.context.annotation.ConfigurationClassPostProcessor.enhancedConfigurationProcessor'
20:42:20.000 [Test worker] DEBUG org.springframework.beans.factory.support.DefaultListableBeanFactory - Returning cached instance of singleton bean 'org.springframework.boot.test.mock.mockito.MockitoPostProcessor'
20:42:20.000 [Test worker] DEBUG org.springframework.beans.factory.support.DefaultListableBeanFactory - Returning cached instance of singleton bean 'org.springframework.boot.test.autoconfigure.properties.PropertyMappingContextCustomizer$PropertyMappingCheckBeanPostProcessor'
20:42:20.000 [Test worker] DEBUG org.springframework.context.support.GenericApplicationContext - Unable to locate MessageSource with name 'messageSource': using default [org.springframework.context.support.DelegatingMessageSource@7b96b7f3]
20:42:20.016 [Test worker] DEBUG org.springframework.context.support.GenericApplicationContext - Unable to locate ApplicationEventMulticaster with name 'applicationEventMulticaster': using default [org.springframework.context.event.SimpleApplicationEventMulticaster@571c62c1]
20:42:20.016 [Test worker] DEBUG org.springframework.beans.factory.support.DefaultListableBeanFactory - Pre-instantiating singletons in org.springframework.beans.factory.support.DefaultListableBeanFactory@678743fc: defining beans [org.springframework.context.annotation.internalConfigurationAnnotationProcessor,org.springframework.context.annotation.internalAutowiredAnnotationProcessor,org.springframework.context.annotation.internalRequiredAnnotationProcessor,org.springframework.context.annotation.internalCommonAnnotationProcessor,org.springframework.context.annotation.internalPersistenceAnnotationProcessor,org.springframework.context.event.internalEventListenerProcessor,org.springframework.context.event.internalEventListenerFactory,org.springframework.boot.test.mock.mockito.MockitoPostProcessor$SpyPostProcessor,org.springframework.boot.test.mock.mockito.MockitoPostProcessor,org.springframework.context.annotation.ConfigurationClassPostProcessor.importAwareProcessor,org.springframework.context.annotation.ConfigurationClassPostProcessor.enhancedConfigurationProcessor]; root of factory hierarchy
20:42:20.016 [Test worker] DEBUG org.springframework.beans.factory.support.DefaultListableBeanFactory - Returning cached instance of singleton bean 'org.springframework.context.annotation.internalConfigurationAnnotationProcessor'
20:42:20.016 [Test worker] DEBUG org.springframework.beans.factory.support.DefaultListableBeanFactory - Returning cached instance of singleton bean 'org.springframework.context.annotation.internalAutowiredAnnotationProcessor'
20:42:20.016 [Test worker] DEBUG org.springframework.beans.factory.support.DefaultListableBeanFactory - Returning cached instance of singleton bean 'org.springframework.context.annotation.internalRequiredAnnotationProcessor'
20:42:20.016 [Test worker] DEBUG org.springframework.beans.factory.support.DefaultListableBeanFactory - Returning cached instance of singleton bean 'org.springframework.context.annotation.internalCommonAnnotationProcessor'
20:42:20.016 [Test worker] DEBUG org.springframework.beans.factory.support.DefaultListableBeanFactory - Returning cached instance of singleton bean 'org.springframework.context.annotation.internalPersistenceAnnotationProcessor'
20:42:20.016 [Test worker] DEBUG org.springframework.beans.factory.support.DefaultListableBeanFactory - Creating shared instance of singleton bean 'org.springframework.context.event.internalEventListenerProcessor'
20:42:20.016 [Test worker] DEBUG org.springframework.beans.factory.support.DefaultListableBeanFactory - Creating instance of bean 'org.springframework.context.event.internalEventListenerProcessor'
20:42:20.031 [Test worker] DEBUG org.springframework.beans.factory.support.DefaultListableBeanFactory - Eagerly caching bean 'org.springframework.context.event.internalEventListenerProcessor' to allow for resolving potential circular references
20:42:20.069 [Test worker] DEBUG org.springframework.beans.factory.support.DefaultListableBeanFactory - Finished creating instance of bean 'org.springframework.context.event.internalEventListenerProcessor'
20:42:20.069 [Test worker] DEBUG org.springframework.beans.factory.support.DefaultListableBeanFactory - Creating shared instance of singleton bean 'org.springframework.context.event.internalEventListenerFactory'
20:42:20.069 [Test worker] DEBUG org.springframework.beans.factory.support.DefaultListableBeanFactory - Creating instance of bean 'org.springframework.context.event.internalEventListenerFactory'
20:42:20.069 [Test worker] DEBUG org.springframework.beans.factory.support.DefaultListableBeanFactory - Eagerly caching bean 'org.springframework.context.event.internalEventListenerFactory' to allow for resolving potential circular references
20:42:20.085 [Test worker] DEBUG org.springframework.beans.factory.support.DefaultListableBeanFactory - Finished creating instance of bean 'org.springframework.context.event.internalEventListenerFactory'
20:42:20.085 [Test worker] DEBUG org.springframework.beans.factory.support.DefaultListableBeanFactory - Returning cached instance of singleton bean 'org.springframework.boot.test.mock.mockito.MockitoPostProcessor$SpyPostProcessor'
20:42:20.085 [Test worker] DEBUG org.springframework.beans.factory.support.DefaultListableBeanFactory - Returning cached instance of singleton bean 'org.springframework.boot.test.mock.mockito.MockitoPostProcessor'
20:42:20.085 [Test worker] DEBUG org.springframework.beans.factory.support.DefaultListableBeanFactory - Returning cached instance of singleton bean 'org.springframework.context.annotation.ConfigurationClassPostProcessor.importAwareProcessor'
20:42:20.085 [Test worker] DEBUG org.springframework.beans.factory.support.DefaultListableBeanFactory - Returning cached instance of singleton bean 'org.springframework.context.annotation.ConfigurationClassPostProcessor.enhancedConfigurationProcessor'
20:42:20.085 [Test worker] DEBUG org.springframework.beans.factory.support.DefaultListableBeanFactory - Returning cached instance of singleton bean 'org.springframework.context.event.internalEventListenerFactory'
20:42:20.131 [Test worker] DEBUG org.springframework.context.support.GenericApplicationContext - Unable to locate LifecycleProcessor with name 'lifecycleProcessor': using default [org.springframework.context.support.DefaultLifecycleProcessor@5cba8644]
20:42:20.131 [Test worker] DEBUG org.springframework.beans.factory.support.DefaultListableBeanFactory - Returning cached instance of singleton bean 'lifecycleProcessor'
20:42:20.131 [Test worker] DEBUG org.springframework.core.env.PropertySourcesPropertyResolver - Could not find key 'spring.liveBeansView.mbeanDomain' in any property source
20:42:20.131 [Test worker] DEBUG org.springframework.test.context.cache.DefaultCacheAwareContextLoaderDelegate - Storing ApplicationContext in cache under key [[MergedContextConfiguration@4a9d8723 testClass = AskForLeaveApplicationTests, locations = '{}', classes = '{}', contextInitializerClasses = '[]', activeProfiles = '{}', propertySourceLocations = '{}', propertySourceProperties = '{}', contextCustomizers = set[org.springframework.boot.test.context.filter.ExcludeFilterContextCustomizer@7850e6eb, org.springframework.boot.test.mock.mockito.MockitoContextCustomizer@0, org.springframework.boot.test.autoconfigure.properties.PropertyMappingContextCustomizer@0, org.springframework.boot.test.autoconfigure.web.servlet.WebDriverContextCustomizerFactory$Customizer@71264206], contextLoader = 'org.springframework.test.context.support.DelegatingSmartContextLoader', parent = [null]]]
20:42:20.131 [Test worker] DEBUG org.springframework.test.context.cache - Spring test ApplicationContext cache statistics: [DefaultContextCache@3c2244a6 size = 1, maxSize = 32, parentContextCount = 0, hitCount = 0, missCount = 1]
20:42:20.185 [Test worker] DEBUG org.springframework.test.context.support.AbstractDirtiesContextTestExecutionListener - Before test method: context [DefaultTestContext@3dd834e6 testClass = AskForLeaveApplicationTests, testInstance = cn.edu.tju.AskForLeaveApplicationTests@2584d4d3, testMethod = contextLoads@AskForLeaveApplicationTests, testException = [null], mergedContextConfiguration = [MergedContextConfiguration@4a9d8723 testClass = AskForLeaveApplicationTests, locations = '{}', classes = '{}', contextInitializerClasses = '[]', activeProfiles = '{}', propertySourceLocations = '{}', propertySourceProperties = '{}', contextCustomizers = set[org.springframework.boot.test.context.filter.ExcludeFilterContextCustomizer@7850e6eb, org.springframework.boot.test.mock.mockito.MockitoContextCustomizer@0, org.springframework.boot.test.autoconfigure.properties.PropertyMappingContextCustomizer@0, org.springframework.boot.test.autoconfigure.web.servlet.WebDriverContextCustomizerFactory$Customizer@71264206], contextLoader = 'org.springframework.test.context.support.DelegatingSmartContextLoader', parent = [null]]], class annotated with @DirtiesContext [false] with mode [null], method annotated with @DirtiesContext [false] with mode [null].
20:42:20.216 [Test worker] DEBUG org.springframework.test.context.cache.DefaultCacheAwareContextLoaderDelegate - Retrieved ApplicationContext from cache with key [[MergedContextConfiguration@4a9d8723 testClass = AskForLeaveApplicationTests, locations = '{}', classes = '{}', contextInitializerClasses = '[]', activeProfiles = '{}', propertySourceLocations = '{}', propertySourceProperties = '{}', contextCustomizers = set[org.springframework.boot.test.context.filter.ExcludeFilterContextCustomizer@7850e6eb, org.springframework.boot.test.mock.mockito.MockitoContextCustomizer@0, org.springframework.boot.test.autoconfigure.properties.PropertyMappingContextCustomizer@0, org.springframework.boot.test.autoconfigure.web.servlet.WebDriverContextCustomizerFactory$Customizer@71264206], contextLoader = 'org.springframework.test.context.support.DelegatingSmartContextLoader', parent = [null]]]
20:42:20.216 [Test worker] DEBUG org.springframework.test.context.cache - Spring test ApplicationContext cache statistics: [DefaultContextCache@3c2244a6 size = 1, maxSize = 32, parentContextCount = 0, hitCount = 1, missCount = 1]
20:42:20.216 [Test worker] DEBUG org.springframework.beans.factory.support.DefaultListableBeanFactory - Returning cached instance of singleton bean 'org.springframework.context.annotation.internalConfigurationAnnotationProcessor'
20:42:20.285 [Test worker] DEBUG org.springframework.beans.factory.support.DefaultListableBeanFactory - Returning cached instance of singleton bean 'org.springframework.context.annotation.internalAutowiredAnnotationProcessor'
20:42:20.285 [Test worker] DEBUG org.springframework.beans.factory.support.DefaultListableBeanFactory - Returning cached instance of singleton bean 'org.springframework.context.annotation.internalRequiredAnnotationProcessor'
20:42:20.285 [Test worker] DEBUG org.springframework.beans.factory.support.DefaultListableBeanFactory - Returning cached instance of singleton bean 'org.springframework.context.annotation.internalCommonAnnotationProcessor'
20:42:20.285 [Test worker] DEBUG org.springframework.beans.factory.support.DefaultListableBeanFactory - Returning cached instance of singleton bean 'org.springframework.context.annotation.internalPersistenceAnnotationProcessor'
20:42:20.285 [Test worker] DEBUG org.springframework.beans.factory.support.DefaultListableBeanFactory - Returning cached instance of singleton bean 'org.springframework.context.event.internalEventListenerProcessor'
20:42:20.285 [Test worker] DEBUG org.springframework.beans.factory.support.DefaultListableBeanFactory - Returning cached instance of singleton bean 'org.springframework.context.event.internalEventListenerFactory'
20:42:20.285 [Test worker] DEBUG org.springframework.beans.factory.support.DefaultListableBeanFactory - Returning cached instance of singleton bean 'org.springframework.boot.test.mock.mockito.MockitoPostProcessor$SpyPostProcessor'
20:42:20.285 [Test worker] DEBUG org.springframework.beans.factory.support.DefaultListableBeanFactory - Returning cached instance of singleton bean 'org.springframework.boot.test.mock.mockito.MockitoPostProcessor'
20:42:20.285 [Test worker] DEBUG org.springframework.beans.factory.support.DefaultListableBeanFactory - Returning cached instance of singleton bean 'org.springframework.context.annotation.ConfigurationClassPostProcessor.importAwareProcessor'
20:42:20.285 [Test worker] DEBUG org.springframework.beans.factory.support.DefaultListableBeanFactory - Returning cached instance of singleton bean 'org.springframework.context.annotation.ConfigurationClassPostProcessor.enhancedConfigurationProcessor'
20:42:20.285 [Test worker] DEBUG org.springframework.beans.factory.support.DefaultListableBeanFactory - Returning cached instance of singleton bean 'org.springframework.boot.test.mock.mockito.MockitoBeans'
20:42:20.285 [Test worker] DEBUG org.springframework.test.context.cache.DefaultCacheAwareContextLoaderDelegate - Retrieved ApplicationContext from cache with key [[MergedContextConfiguration@4a9d8723 testClass = AskForLeaveApplicationTests, locations = '{}', classes = '{}', contextInitializerClasses = '[]', activeProfiles = '{}', propertySourceLocations = '{}', propertySourceProperties = '{}', contextCustomizers = set[org.springframework.boot.test.context.filter.ExcludeFilterContextCustomizer@7850e6eb, org.springframework.boot.test.mock.mockito.MockitoContextCustomizer@0, org.springframework.boot.test.autoconfigure.properties.PropertyMappingContextCustomizer@0, org.springframework.boot.test.autoconfigure.web.servlet.WebDriverContextCustomizerFactory$Customizer@71264206], contextLoader = 'org.springframework.test.context.support.DelegatingSmartContextLoader', parent = [null]]]
20:42:20.285 [Test worker] DEBUG org.springframework.test.context.cache - Spring test ApplicationContext cache statistics: [DefaultContextCache@3c2244a6 size = 1, maxSize = 32, parentContextCount = 0, hitCount = 2, missCount = 1]
20:42:20.285 [Test worker] DEBUG org.springframework.test.context.cache.DefaultCacheAwareContextLoaderDelegate - Retrieved ApplicationContext from cache with key [[MergedContextConfiguration@4a9d8723 testClass = AskForLeaveApplicationTests, locations = '{}', classes = '{}', contextInitializerClasses = '[]', activeProfiles = '{}', propertySourceLocations = '{}', propertySourceProperties = '{}', contextCustomizers = set[org.springframework.boot.test.context.filter.ExcludeFilterContextCustomizer@7850e6eb, org.springframework.boot.test.mock.mockito.MockitoContextCustomizer@0, org.springframework.boot.test.autoconfigure.properties.PropertyMappingContextCustomizer@0, org.springframework.boot.test.autoconfigure.web.servlet.WebDriverContextCustomizerFactory$Customizer@71264206], contextLoader = 'org.springframework.test.context.support.DelegatingSmartContextLoader', parent = [null]]]
20:42:20.285 [Test worker] DEBUG org.springframework.test.context.cache - Spring test ApplicationContext cache statistics: [DefaultContextCache@3c2244a6 size = 1, maxSize = 32, parentContextCount = 0, hitCount = 3, missCount = 1]
20:42:20.285 [Test worker] DEBUG org.springframework.beans.factory.support.DefaultListableBeanFactory - Returning cached instance of singleton bean 'org.springframework.context.annotation.internalConfigurationAnnotationProcessor'
20:42:20.285 [Test worker] DEBUG org.springframework.beans.factory.support.DefaultListableBeanFactory - Returning cached instance of singleton bean 'org.springframework.context.annotation.internalAutowiredAnnotationProcessor'
20:42:20.285 [Test worker] DEBUG org.springframework.beans.factory.support.DefaultListableBeanFactory - Returning cached instance of singleton bean 'org.springframework.context.annotation.internalRequiredAnnotationProcessor'
20:42:20.285 [Test worker] DEBUG org.springframework.beans.factory.support.DefaultListableBeanFactory - Returning cached instance of singleton bean 'org.springframework.context.annotation.internalCommonAnnotationProcessor'
20:42:20.285 [Test worker] DEBUG org.springframework.beans.factory.support.DefaultListableBeanFactory - Returning cached instance of singleton bean 'org.springframework.context.annotation.internalPersistenceAnnotationProcessor'
20:42:20.285 [Test worker] DEBUG org.springframework.beans.factory.support.DefaultListableBeanFactory - Returning cached instance of singleton bean 'org.springframework.context.event.internalEventListenerProcessor'
20:42:20.285 [Test worker] DEBUG org.springframework.beans.factory.support.DefaultListableBeanFactory - Returning cached instance of singleton bean 'org.springframework.context.event.internalEventListenerFactory'
20:42:20.285 [Test worker] DEBUG org.springframework.beans.factory.support.DefaultListableBeanFactory - Returning cached instance of singleton bean 'org.springframework.boot.test.mock.mockito.MockitoPostProcessor$SpyPostProcessor'
20:42:20.285 [Test worker] DEBUG org.springframework.beans.factory.support.DefaultListableBeanFactory - Returning cached instance of singleton bean 'org.springframework.boot.test.mock.mockito.MockitoPostProcessor'
20:42:20.285 [Test worker] DEBUG org.springframework.beans.factory.support.DefaultListableBeanFactory - Returning cached instance of singleton bean 'org.springframework.context.annotation.ConfigurationClassPostProcessor.importAwareProcessor'
20:42:20.285 [Test worker] DEBUG org.springframework.beans.factory.support.DefaultListableBeanFactory - Returning cached instance of singleton bean 'org.springframework.context.annotation.ConfigurationClassPostProcessor.enhancedConfigurationProcessor'
20:42:20.285 [Test worker] DEBUG org.springframework.beans.factory.support.DefaultListableBeanFactory - Returning cached instance of singleton bean 'org.springframework.boot.test.mock.mockito.MockitoBeans'
20:42:20.285 [Test worker] DEBUG org.springframework.test.context.cache.DefaultCacheAwareContextLoaderDelegate - Retrieved ApplicationContext from cache with key [[MergedContextConfiguration@4a9d8723 testClass = AskForLeaveApplicationTests, locations = '{}', classes = '{}', contextInitializerClasses = '[]', activeProfiles = '{}', propertySourceLocations = '{}', propertySourceProperties = '{}', contextCustomizers = set[org.springframework.boot.test.context.filter.ExcludeFilterContextCustomizer@7850e6eb, org.springframework.boot.test.mock.mockito.MockitoContextCustomizer@0, org.springframework.boot.test.autoconfigure.properties.PropertyMappingContextCustomizer@0, org.springframework.boot.test.autoconfigure.web.servlet.WebDriverContextCustomizerFactory$Customizer@71264206], contextLoader = 'org.springframework.test.context.support.DelegatingSmartContextLoader', parent = [null]]]
20:42:20.285 [Test worker] DEBUG org.springframework.test.context.cache - Spring test ApplicationContext cache statistics: [DefaultContextCache@3c2244a6 size = 1, maxSize = 32, parentContextCount = 0, hitCount = 4, missCount = 1]
20:42:20.285 [Test worker] DEBUG org.springframework.test.context.support.AbstractDirtiesContextTestExecutionListener - After test method: context [DefaultTestContext@3dd834e6 testClass = AskForLeaveApplicationTests, testInstance = cn.edu.tju.AskForLeaveApplicationTests@2584d4d3, testMethod = contextLoads@AskForLeaveApplicationTests, testException = [null], mergedContextConfiguration = [MergedContextConfiguration@4a9d8723 testClass = AskForLeaveApplicationTests, locations = '{}', classes = '{}', contextInitializerClasses = '[]', activeProfiles = '{}', propertySourceLocations = '{}', propertySourceProperties = '{}', contextCustomizers = set[org.springframework.boot.test.context.filter.ExcludeFilterContextCustomizer@7850e6eb, org.springframework.boot.test.mock.mockito.MockitoContextCustomizer@0, org.springframework.boot.test.autoconfigure.properties.PropertyMappingContextCustomizer@0, org.springframework.boot.test.autoconfigure.web.servlet.WebDriverContextCustomizerFactory$Customizer@71264206], contextLoader = 'org.springframework.test.context.support.DelegatingSmartContextLoader', parent = [null]]], class annotated with @DirtiesContext [false] with mode [null], method annotated with @DirtiesContext [false] with mode [null].
20:42:20.301 [Test worker] DEBUG org.springframework.test.context.support.AbstractDirtiesContextTestExecutionListener - After test class: context [DefaultTestContext@3dd834e6 testClass = AskForLeaveApplicationTests, testInstance = [null], testMethod = [null], testException = [null], mergedContextConfiguration = [MergedContextConfiguration@4a9d8723 testClass = AskForLeaveApplicationTests, locations = '{}', classes = '{}', contextInitializerClasses = '[]', activeProfiles = '{}', propertySourceLocations = '{}', propertySourceProperties = '{}', contextCustomizers = set[org.springframework.boot.test.context.filter.ExcludeFilterContextCustomizer@7850e6eb, org.springframework.boot.test.mock.mockito.MockitoContextCustomizer@0, org.springframework.boot.test.autoconfigure.properties.PropertyMappingContextCustomizer@0, org.springframework.boot.test.autoconfigure.web.servlet.WebDriverContextCustomizerFactory$Customizer@71264206], contextLoader = 'org.springframework.test.context.support.DelegatingSmartContextLoader', parent = [null]]], class annotated with @DirtiesContext [false] with mode [null].
]]></system-out>
  <system-err><![CDATA[]]></system-err>
</testsuite>
