<?xml version="1.0" encoding="UTF-8"?>
<testsuite name="cn.edu.tju.AskForLeaveApplicationTests" tests="1" skipped="0" failures="0" errors="0" timestamp="2016-12-14T10:06:46" hostname="yongheng-pc" time="0.243">
  <properties/>
  <testcase name="contextLoads" classname="cn.edu.tju.AskForLeaveApplicationTests" time="0.243"/>
  <system-out><![CDATA[18:06:45.121 [Test worker] DEBUG org.springframework.test.context.junit4.SpringJUnit4ClassRunner - SpringJUnit4ClassRunner constructor called with [class cn.edu.tju.AskForLeaveApplicationTests]
18:06:45.129 [Test worker] DEBUG org.springframework.test.context.BootstrapUtils - Instantiating CacheAwareContextLoaderDelegate from class [org.springframework.test.context.cache.DefaultCacheAwareContextLoaderDelegate]
18:06:45.142 [Test worker] DEBUG org.springframework.test.context.BootstrapUtils - Instantiating BootstrapContext using constructor [public org.springframework.test.context.support.DefaultBootstrapContext(java.lang.Class,org.springframework.test.context.CacheAwareContextLoaderDelegate)]
18:06:45.154 [Test worker] DEBUG org.springframework.test.context.BootstrapUtils - Instantiating TestContextBootstrapper for test class [cn.edu.tju.AskForLeaveApplicationTests] from class [org.springframework.test.context.support.DefaultTestContextBootstrapper]
18:06:45.174 [Test worker] INFO org.springframework.test.context.support.DefaultTestContextBootstrapper - Neither @ContextConfiguration nor @ContextHierarchy found for test class [cn.edu.tju.AskForLeaveApplicationTests], using DelegatingSmartContextLoader
18:06:45.179 [Test worker] DEBUG org.springframework.test.context.support.AbstractDelegatingSmartContextLoader - Delegating to GenericXmlContextLoader to process context configuration [ContextConfigurationAttributes@74091f08 declaringClass = 'cn.edu.tju.AskForLeaveApplicationTests', classes = '{}', locations = '{}', inheritLocations = false, initializers = '{}', inheritInitializers = true, name = [null], contextLoaderClass = 'org.springframework.test.context.ContextLoader'].
18:06:45.183 [Test worker] DEBUG org.springframework.test.context.support.AbstractContextLoader - Did not detect default resource location for test class [cn.edu.tju.AskForLeaveApplicationTests]: class path resource [cn/edu/tju/AskForLeaveApplicationTests-context.xml] does not exist
18:06:45.183 [Test worker] INFO org.springframework.test.context.support.AbstractContextLoader - Could not detect default resource locations for test class [cn.edu.tju.AskForLeaveApplicationTests]: no resource found for suffixes {-context.xml}.
18:06:45.184 [Test worker] DEBUG org.springframework.test.context.support.AbstractDelegatingSmartContextLoader - Delegating to AnnotationConfigContextLoader to process context configuration [ContextConfigurationAttributes@74091f08 declaringClass = 'cn.edu.tju.AskForLeaveApplicationTests', classes = '{}', locations = '{}', inheritLocations = false, initializers = '{}', inheritInitializers = true, name = [null], contextLoaderClass = 'org.springframework.test.context.ContextLoader'].
18:06:45.186 [Test worker] INFO org.springframework.test.context.support.AnnotationConfigContextLoaderUtils - Could not detect default configuration classes for test class [cn.edu.tju.AskForLeaveApplicationTests]: AskForLeaveApplicationTests does not declare any static, non-private, non-final, nested classes annotated with @Configuration.
18:06:45.445 [Test worker] DEBUG org.springframework.test.context.support.ActiveProfilesUtils - Could not find an 'annotation declaring class' for annotation type [org.springframework.test.context.ActiveProfiles] and class [cn.edu.tju.AskForLeaveApplicationTests]
18:06:45.452 [Test worker] DEBUG org.springframework.test.context.support.DefaultTestContextBootstrapper - @TestExecutionListeners is not present for class [cn.edu.tju.AskForLeaveApplicationTests]: using defaults.
18:06:45.459 [Test worker] INFO org.springframework.test.context.support.DefaultTestContextBootstrapper - Loaded default TestExecutionListener class names from location [META-INF/spring.factories]: [org.springframework.boot.test.mock.mockito.MockitoTestExecutionListener, org.springframework.boot.test.mock.mockito.ResetMocksTestExecutionListener, org.springframework.boot.test.autoconfigure.restdocs.RestDocsTestExecutionListener, org.springframework.boot.test.autoconfigure.web.client.MockRestServiceServerResetTestExecutionListener, org.springframework.boot.test.autoconfigure.web.servlet.MockMvcPrintOnlyOnFailureTestExecutionListener, org.springframework.boot.test.autoconfigure.web.servlet.WebDriverTestExecutionListener, org.springframework.test.context.web.ServletTestExecutionListener, org.springframework.test.context.support.DirtiesContextBeforeModesTestExecutionListener, org.springframework.test.context.support.DependencyInjectionTestExecutionListener, org.springframework.test.context.support.DirtiesContextTestExecutionListener, org.springframework.test.context.transaction.TransactionalTestExecutionListener, org.springframework.test.context.jdbc.SqlScriptsTestExecutionListener]
18:06:45.489 [Test worker] INFO org.springframework.test.context.support.DefaultTestContextBootstrapper - Using TestExecutionListeners: [org.springframework.test.context.web.ServletTestExecutionListener@74127c07, org.springframework.test.context.support.DirtiesContextBeforeModesTestExecutionListener@405b95be, org.springframework.test.context.support.DependencyInjectionTestExecutionListener@1904f09f, org.springframework.test.context.support.DirtiesContextTestExecutionListener@669d30a8, org.springframework.test.context.transaction.TransactionalTestExecutionListener@1089a38, org.springframework.test.context.jdbc.SqlScriptsTestExecutionListener@1d6219c2, org.springframework.boot.test.mock.mockito.ResetMocksTestExecutionListener@235c92f9, org.springframework.boot.test.autoconfigure.web.client.MockRestServiceServerResetTestExecutionListener@2c4bee4a, org.springframework.boot.test.autoconfigure.restdocs.RestDocsTestExecutionListener@695778a1, org.springframework.boot.test.autoconfigure.web.servlet.WebDriverTestExecutionListener@64f6d040, org.springframework.boot.test.autoconfigure.web.servlet.MockMvcPrintOnlyOnFailureTestExecutionListener@237a4d7d, org.springframework.boot.test.mock.mockito.MockitoTestExecutionListener@50b0cee6]
18:06:45.495 [Test worker] DEBUG org.springframework.test.annotation.ProfileValueUtils - Retrieved @ProfileValueSourceConfiguration [null] for test class [cn.edu.tju.AskForLeaveApplicationTests]
18:06:45.496 [Test worker] DEBUG org.springframework.test.annotation.ProfileValueUtils - Retrieved ProfileValueSource type [class org.springframework.test.annotation.SystemProfileValueSource] for class [cn.edu.tju.AskForLeaveApplicationTests]
18:06:45.497 [Test worker] DEBUG org.springframework.test.annotation.ProfileValueUtils - Retrieved @ProfileValueSourceConfiguration [null] for test class [cn.edu.tju.AskForLeaveApplicationTests]
18:06:45.498 [Test worker] DEBUG org.springframework.test.annotation.ProfileValueUtils - Retrieved ProfileValueSource type [class org.springframework.test.annotation.SystemProfileValueSource] for class [cn.edu.tju.AskForLeaveApplicationTests]
18:06:45.502 [Test worker] DEBUG org.springframework.test.context.support.AbstractDirtiesContextTestExecutionListener - Before test class: context [DefaultTestContext@5225b4c4 testClass = AskForLeaveApplicationTests, testInstance = [null], testMethod = [null], testException = [null], mergedContextConfiguration = [MergedContextConfiguration@41d22b08 testClass = AskForLeaveApplicationTests, locations = '{}', classes = '{}', contextInitializerClasses = '[]', activeProfiles = '{}', propertySourceLocations = '{}', propertySourceProperties = '{}', contextCustomizers = set[org.springframework.boot.test.context.filter.ExcludeFilterContextCustomizer@9832c0b, org.springframework.boot.test.mock.mockito.MockitoContextCustomizer@0, org.springframework.boot.test.autoconfigure.properties.PropertyMappingContextCustomizer@0, org.springframework.boot.test.autoconfigure.web.servlet.WebDriverContextCustomizerFactory$Customizer@78fea8f9], contextLoader = 'org.springframework.test.context.support.DelegatingSmartContextLoader', parent = [null]]], class annotated with @DirtiesContext [false] with mode [null].
18:06:45.503 [Test worker] DEBUG org.springframework.test.annotation.ProfileValueUtils - Retrieved @ProfileValueSourceConfiguration [null] for test class [cn.edu.tju.AskForLeaveApplicationTests]
18:06:45.503 [Test worker] DEBUG org.springframework.test.annotation.ProfileValueUtils - Retrieved ProfileValueSource type [class org.springframework.test.annotation.SystemProfileValueSource] for class [cn.edu.tju.AskForLeaveApplicationTests]
18:06:45.507 [Test worker] DEBUG org.springframework.test.context.support.DependencyInjectionTestExecutionListener - Performing dependency injection for test context [[DefaultTestContext@5225b4c4 testClass = AskForLeaveApplicationTests, testInstance = cn.edu.tju.AskForLeaveApplicationTests@31709a6a, testMethod = [null], testException = [null], mergedContextConfiguration = [MergedContextConfiguration@41d22b08 testClass = AskForLeaveApplicationTests, locations = '{}', classes = '{}', contextInitializerClasses = '[]', activeProfiles = '{}', propertySourceLocations = '{}', propertySourceProperties = '{}', contextCustomizers = set[org.springframework.boot.test.context.filter.ExcludeFilterContextCustomizer@9832c0b, org.springframework.boot.test.mock.mockito.MockitoContextCustomizer@0, org.springframework.boot.test.autoconfigure.properties.PropertyMappingContextCustomizer@0, org.springframework.boot.test.autoconfigure.web.servlet.WebDriverContextCustomizerFactory$Customizer@78fea8f9], contextLoader = 'org.springframework.test.context.support.DelegatingSmartContextLoader', parent = [null]]]].
18:06:45.507 [Test worker] DEBUG org.springframework.test.context.support.AbstractDelegatingSmartContextLoader - Delegating to AnnotationConfigContextLoader to load context from [MergedContextConfiguration@41d22b08 testClass = AskForLeaveApplicationTests, locations = '{}', classes = '{}', contextInitializerClasses = '[]', activeProfiles = '{}', propertySourceLocations = '{}', propertySourceProperties = '{}', contextCustomizers = set[org.springframework.boot.test.context.filter.ExcludeFilterContextCustomizer@9832c0b, org.springframework.boot.test.mock.mockito.MockitoContextCustomizer@0, org.springframework.boot.test.autoconfigure.properties.PropertyMappingContextCustomizer@0, org.springframework.boot.test.autoconfigure.web.servlet.WebDriverContextCustomizerFactory$Customizer@78fea8f9], contextLoader = 'org.springframework.test.context.support.DelegatingSmartContextLoader', parent = [null]].
18:06:45.508 [Test worker] DEBUG org.springframework.test.context.support.AbstractGenericContextLoader - Loading ApplicationContext for merged context configuration [[MergedContextConfiguration@41d22b08 testClass = AskForLeaveApplicationTests, locations = '{}', classes = '{}', contextInitializerClasses = '[]', activeProfiles = '{}', propertySourceLocations = '{}', propertySourceProperties = '{}', contextCustomizers = set[org.springframework.boot.test.context.filter.ExcludeFilterContextCustomizer@9832c0b, org.springframework.boot.test.mock.mockito.MockitoContextCustomizer@0, org.springframework.boot.test.autoconfigure.properties.PropertyMappingContextCustomizer@0, org.springframework.boot.test.autoconfigure.web.servlet.WebDriverContextCustomizerFactory$Customizer@78fea8f9], contextLoader = 'org.springframework.test.context.support.DelegatingSmartContextLoader', parent = [null]]].
18:06:45.661 [Test worker] DEBUG org.springframework.core.env.StandardEnvironment - Adding [systemProperties] PropertySource with lowest search precedence
18:06:45.661 [Test worker] DEBUG org.springframework.core.env.StandardEnvironment - Adding [systemEnvironment] PropertySource with lowest search precedence
18:06:45.661 [Test worker] DEBUG org.springframework.core.env.StandardEnvironment - Initialized StandardEnvironment with PropertySources [systemProperties,systemEnvironment]
18:06:45.662 [Test worker] DEBUG org.springframework.test.context.support.AnnotationConfigContextLoader - Registering annotated classes: {}
18:06:45.731 [Test worker] INFO org.springframework.context.support.GenericApplicationContext - Refreshing org.springframework.context.support.GenericApplicationContext@36e288ee: startup date [Wed Dec 14 18:06:45 CST 2016]; root of context hierarchy
18:06:45.732 [Test worker] DEBUG org.springframework.context.support.GenericApplicationContext - Bean factory for org.springframework.context.support.GenericApplicationContext@36e288ee: org.springframework.beans.factory.support.DefaultListableBeanFactory@70847a7: defining beans [org.springframework.context.annotation.internalConfigurationAnnotationProcessor,org.springframework.context.annotation.internalAutowiredAnnotationProcessor,org.springframework.context.annotation.internalRequiredAnnotationProcessor,org.springframework.context.annotation.internalCommonAnnotationProcessor,org.springframework.context.annotation.internalPersistenceAnnotationProcessor,org.springframework.context.event.internalEventListenerProcessor,org.springframework.context.event.internalEventListenerFactory,org.springframework.boot.test.mock.mockito.MockitoPostProcessor$SpyPostProcessor,org.springframework.boot.test.mock.mockito.MockitoPostProcessor]; root of factory hierarchy
18:06:45.756 [Test worker] DEBUG org.springframework.beans.factory.support.DefaultListableBeanFactory - Creating shared instance of singleton bean 'org.springframework.context.annotation.internalConfigurationAnnotationProcessor'
18:06:45.756 [Test worker] DEBUG org.springframework.beans.factory.support.DefaultListableBeanFactory - Creating instance of bean 'org.springframework.context.annotation.internalConfigurationAnnotationProcessor'
18:06:45.797 [Test worker] DEBUG org.springframework.beans.factory.support.DefaultListableBeanFactory - Eagerly caching bean 'org.springframework.context.annotation.internalConfigurationAnnotationProcessor' to allow for resolving potential circular references
18:06:45.802 [Test worker] DEBUG org.springframework.beans.factory.support.DefaultListableBeanFactory - Finished creating instance of bean 'org.springframework.context.annotation.internalConfigurationAnnotationProcessor'
18:06:45.824 [Test worker] DEBUG org.springframework.beans.factory.support.DefaultListableBeanFactory - Creating shared instance of singleton bean 'org.springframework.boot.test.mock.mockito.MockitoPostProcessor'
18:06:45.825 [Test worker] DEBUG org.springframework.beans.factory.support.DefaultListableBeanFactory - Creating instance of bean 'org.springframework.boot.test.mock.mockito.MockitoPostProcessor'
18:06:45.876 [Test worker] DEBUG org.springframework.beans.factory.support.DefaultListableBeanFactory - Eagerly caching bean 'org.springframework.boot.test.mock.mockito.MockitoPostProcessor' to allow for resolving potential circular references
18:06:45.877 [Test worker] DEBUG org.springframework.beans.factory.support.DefaultListableBeanFactory - Finished creating instance of bean 'org.springframework.boot.test.mock.mockito.MockitoPostProcessor'
18:06:45.879 [Test worker] DEBUG org.springframework.beans.factory.support.DefaultListableBeanFactory - Creating shared instance of singleton bean 'org.springframework.context.annotation.internalAutowiredAnnotationProcessor'
18:06:45.879 [Test worker] DEBUG org.springframework.beans.factory.support.DefaultListableBeanFactory - Creating instance of bean 'org.springframework.context.annotation.internalAutowiredAnnotationProcessor'
18:06:45.881 [Test worker] DEBUG org.springframework.beans.factory.support.DefaultListableBeanFactory - Eagerly caching bean 'org.springframework.context.annotation.internalAutowiredAnnotationProcessor' to allow for resolving potential circular references
18:06:45.881 [Test worker] DEBUG org.springframework.beans.factory.support.DefaultListableBeanFactory - Finished creating instance of bean 'org.springframework.context.annotation.internalAutowiredAnnotationProcessor'
18:06:45.882 [Test worker] DEBUG org.springframework.beans.factory.support.DefaultListableBeanFactory - Creating shared instance of singleton bean 'org.springframework.context.annotation.internalRequiredAnnotationProcessor'
18:06:45.882 [Test worker] DEBUG org.springframework.beans.factory.support.DefaultListableBeanFactory - Creating instance of bean 'org.springframework.context.annotation.internalRequiredAnnotationProcessor'
18:06:45.883 [Test worker] DEBUG org.springframework.beans.factory.support.DefaultListableBeanFactory - Eagerly caching bean 'org.springframework.context.annotation.internalRequiredAnnotationProcessor' to allow for resolving potential circular references
18:06:45.884 [Test worker] DEBUG org.springframework.beans.factory.support.DefaultListableBeanFactory - Finished creating instance of bean 'org.springframework.context.annotation.internalRequiredAnnotationProcessor'
18:06:45.884 [Test worker] DEBUG org.springframework.beans.factory.support.DefaultListableBeanFactory - Creating shared instance of singleton bean 'org.springframework.context.annotation.internalCommonAnnotationProcessor'
18:06:45.884 [Test worker] DEBUG org.springframework.beans.factory.support.DefaultListableBeanFactory - Creating instance of bean 'org.springframework.context.annotation.internalCommonAnnotationProcessor'
18:06:45.917 [Test worker] DEBUG org.springframework.beans.factory.support.DefaultListableBeanFactory - Eagerly caching bean 'org.springframework.context.annotation.internalCommonAnnotationProcessor' to allow for resolving potential circular references
18:06:45.917 [Test worker] DEBUG org.springframework.beans.factory.support.DefaultListableBeanFactory - Finished creating instance of bean 'org.springframework.context.annotation.internalCommonAnnotationProcessor'
18:06:45.917 [Test worker] DEBUG org.springframework.beans.factory.support.DefaultListableBeanFactory - Creating shared instance of singleton bean 'org.springframework.context.annotation.internalPersistenceAnnotationProcessor'
18:06:45.917 [Test worker] DEBUG org.springframework.beans.factory.support.DefaultListableBeanFactory - Creating instance of bean 'org.springframework.context.annotation.internalPersistenceAnnotationProcessor'
18:06:45.919 [Test worker] DEBUG org.springframework.beans.factory.support.DefaultListableBeanFactory - Eagerly caching bean 'org.springframework.context.annotation.internalPersistenceAnnotationProcessor' to allow for resolving potential circular references
18:06:45.920 [Test worker] DEBUG org.springframework.beans.factory.support.DefaultListableBeanFactory - Finished creating instance of bean 'org.springframework.context.annotation.internalPersistenceAnnotationProcessor'
18:06:45.920 [Test worker] DEBUG org.springframework.beans.factory.support.DefaultListableBeanFactory - Creating shared instance of singleton bean 'org.springframework.boot.test.mock.mockito.MockitoPostProcessor$SpyPostProcessor'
18:06:45.920 [Test worker] DEBUG org.springframework.beans.factory.support.DefaultListableBeanFactory - Creating instance of bean 'org.springframework.boot.test.mock.mockito.MockitoPostProcessor$SpyPostProcessor'
18:06:45.934 [Test worker] DEBUG org.springframework.beans.factory.support.DefaultListableBeanFactory - Returning cached instance of singleton bean 'org.springframework.boot.test.mock.mockito.MockitoPostProcessor'
18:06:45.935 [Test worker] DEBUG org.springframework.beans.factory.support.DefaultListableBeanFactory - Eagerly caching bean 'org.springframework.boot.test.mock.mockito.MockitoPostProcessor$SpyPostProcessor' to allow for resolving potential circular references
18:06:45.936 [Test worker] DEBUG org.springframework.beans.factory.support.DefaultListableBeanFactory - Finished creating instance of bean 'org.springframework.boot.test.mock.mockito.MockitoPostProcessor$SpyPostProcessor'
18:06:45.936 [Test worker] DEBUG org.springframework.beans.factory.support.DefaultListableBeanFactory - Creating shared instance of singleton bean 'org.springframework.context.annotation.ConfigurationClassPostProcessor.importAwareProcessor'
18:06:45.936 [Test worker] DEBUG org.springframework.beans.factory.support.DefaultListableBeanFactory - Creating instance of bean 'org.springframework.context.annotation.ConfigurationClassPostProcessor.importAwareProcessor'
18:06:45.937 [Test worker] DEBUG org.springframework.beans.factory.support.DefaultListableBeanFactory - Eagerly caching bean 'org.springframework.context.annotation.ConfigurationClassPostProcessor.importAwareProcessor' to allow for resolving potential circular references
18:06:45.938 [Test worker] DEBUG org.springframework.beans.factory.support.DefaultListableBeanFactory - Finished creating instance of bean 'org.springframework.context.annotation.ConfigurationClassPostProcessor.importAwareProcessor'
18:06:45.939 [Test worker] DEBUG org.springframework.beans.factory.support.DefaultListableBeanFactory - Creating shared instance of singleton bean 'org.springframework.context.annotation.ConfigurationClassPostProcessor.enhancedConfigurationProcessor'
18:06:45.939 [Test worker] DEBUG org.springframework.beans.factory.support.DefaultListableBeanFactory - Creating instance of bean 'org.springframework.context.annotation.ConfigurationClassPostProcessor.enhancedConfigurationProcessor'
18:06:45.940 [Test worker] DEBUG org.springframework.beans.factory.support.DefaultListableBeanFactory - Eagerly caching bean 'org.springframework.context.annotation.ConfigurationClassPostProcessor.enhancedConfigurationProcessor' to allow for resolving potential circular references
18:06:45.940 [Test worker] DEBUG org.springframework.beans.factory.support.DefaultListableBeanFactory - Finished creating instance of bean 'org.springframework.context.annotation.ConfigurationClassPostProcessor.enhancedConfigurationProcessor'
18:06:45.940 [Test worker] DEBUG org.springframework.beans.factory.support.DefaultListableBeanFactory - Returning cached instance of singleton bean 'org.springframework.boot.test.mock.mockito.MockitoPostProcessor'
18:06:45.940 [Test worker] DEBUG org.springframework.beans.factory.support.DefaultListableBeanFactory - Returning cached instance of singleton bean 'org.springframework.boot.test.autoconfigure.properties.PropertyMappingContextCustomizer$PropertyMappingCheckBeanPostProcessor'
18:06:45.944 [Test worker] DEBUG org.springframework.context.support.GenericApplicationContext - Unable to locate MessageSource with name 'messageSource': using default [org.springframework.context.support.DelegatingMessageSource@12e1e213]
18:06:45.948 [Test worker] DEBUG org.springframework.context.support.GenericApplicationContext - Unable to locate ApplicationEventMulticaster with name 'applicationEventMulticaster': using default [org.springframework.context.event.SimpleApplicationEventMulticaster@559d70ca]
18:06:45.950 [Test worker] DEBUG org.springframework.beans.factory.support.DefaultListableBeanFactory - Pre-instantiating singletons in org.springframework.beans.factory.support.DefaultListableBeanFactory@70847a7: defining beans [org.springframework.context.annotation.internalConfigurationAnnotationProcessor,org.springframework.context.annotation.internalAutowiredAnnotationProcessor,org.springframework.context.annotation.internalRequiredAnnotationProcessor,org.springframework.context.annotation.internalCommonAnnotationProcessor,org.springframework.context.annotation.internalPersistenceAnnotationProcessor,org.springframework.context.event.internalEventListenerProcessor,org.springframework.context.event.internalEventListenerFactory,org.springframework.boot.test.mock.mockito.MockitoPostProcessor$SpyPostProcessor,org.springframework.boot.test.mock.mockito.MockitoPostProcessor,org.springframework.context.annotation.ConfigurationClassPostProcessor.importAwareProcessor,org.springframework.context.annotation.ConfigurationClassPostProcessor.enhancedConfigurationProcessor]; root of factory hierarchy
18:06:45.951 [Test worker] DEBUG org.springframework.beans.factory.support.DefaultListableBeanFactory - Returning cached instance of singleton bean 'org.springframework.context.annotation.internalConfigurationAnnotationProcessor'
18:06:45.951 [Test worker] DEBUG org.springframework.beans.factory.support.DefaultListableBeanFactory - Returning cached instance of singleton bean 'org.springframework.context.annotation.internalAutowiredAnnotationProcessor'
18:06:45.951 [Test worker] DEBUG org.springframework.beans.factory.support.DefaultListableBeanFactory - Returning cached instance of singleton bean 'org.springframework.context.annotation.internalRequiredAnnotationProcessor'
18:06:45.951 [Test worker] DEBUG org.springframework.beans.factory.support.DefaultListableBeanFactory - Returning cached instance of singleton bean 'org.springframework.context.annotation.internalCommonAnnotationProcessor'
18:06:45.951 [Test worker] DEBUG org.springframework.beans.factory.support.DefaultListableBeanFactory - Returning cached instance of singleton bean 'org.springframework.context.annotation.internalPersistenceAnnotationProcessor'
18:06:45.951 [Test worker] DEBUG org.springframework.beans.factory.support.DefaultListableBeanFactory - Creating shared instance of singleton bean 'org.springframework.context.event.internalEventListenerProcessor'
18:06:45.951 [Test worker] DEBUG org.springframework.beans.factory.support.DefaultListableBeanFactory - Creating instance of bean 'org.springframework.context.event.internalEventListenerProcessor'
18:06:45.967 [Test worker] DEBUG org.springframework.beans.factory.support.DefaultListableBeanFactory - Eagerly caching bean 'org.springframework.context.event.internalEventListenerProcessor' to allow for resolving potential circular references
18:06:46.008 [Test worker] DEBUG org.springframework.beans.factory.support.DefaultListableBeanFactory - Finished creating instance of bean 'org.springframework.context.event.internalEventListenerProcessor'
18:06:46.009 [Test worker] DEBUG org.springframework.beans.factory.support.DefaultListableBeanFactory - Creating shared instance of singleton bean 'org.springframework.context.event.internalEventListenerFactory'
18:06:46.009 [Test worker] DEBUG org.springframework.beans.factory.support.DefaultListableBeanFactory - Creating instance of bean 'org.springframework.context.event.internalEventListenerFactory'
18:06:46.012 [Test worker] DEBUG org.springframework.beans.factory.support.DefaultListableBeanFactory - Eagerly caching bean 'org.springframework.context.event.internalEventListenerFactory' to allow for resolving potential circular references
18:06:46.021 [Test worker] DEBUG org.springframework.beans.factory.support.DefaultListableBeanFactory - Finished creating instance of bean 'org.springframework.context.event.internalEventListenerFactory'
18:06:46.021 [Test worker] DEBUG org.springframework.beans.factory.support.DefaultListableBeanFactory - Returning cached instance of singleton bean 'org.springframework.boot.test.mock.mockito.MockitoPostProcessor$SpyPostProcessor'
18:06:46.021 [Test worker] DEBUG org.springframework.beans.factory.support.DefaultListableBeanFactory - Returning cached instance of singleton bean 'org.springframework.boot.test.mock.mockito.MockitoPostProcessor'
18:06:46.022 [Test worker] DEBUG org.springframework.beans.factory.support.DefaultListableBeanFactory - Returning cached instance of singleton bean 'org.springframework.context.annotation.ConfigurationClassPostProcessor.importAwareProcessor'
18:06:46.022 [Test worker] DEBUG org.springframework.beans.factory.support.DefaultListableBeanFactory - Returning cached instance of singleton bean 'org.springframework.context.annotation.ConfigurationClassPostProcessor.enhancedConfigurationProcessor'
18:06:46.024 [Test worker] DEBUG org.springframework.beans.factory.support.DefaultListableBeanFactory - Returning cached instance of singleton bean 'org.springframework.context.event.internalEventListenerFactory'
18:06:46.095 [Test worker] DEBUG org.springframework.context.support.GenericApplicationContext - Unable to locate LifecycleProcessor with name 'lifecycleProcessor': using default [org.springframework.context.support.DefaultLifecycleProcessor@55a7c410]
18:06:46.097 [Test worker] DEBUG org.springframework.beans.factory.support.DefaultListableBeanFactory - Returning cached instance of singleton bean 'lifecycleProcessor'
18:06:46.103 [Test worker] DEBUG org.springframework.core.env.PropertySourcesPropertyResolver - Could not find key 'spring.liveBeansView.mbeanDomain' in any property source
18:06:46.108 [Test worker] DEBUG org.springframework.test.context.cache.DefaultCacheAwareContextLoaderDelegate - Storing ApplicationContext in cache under key [[MergedContextConfiguration@41d22b08 testClass = AskForLeaveApplicationTests, locations = '{}', classes = '{}', contextInitializerClasses = '[]', activeProfiles = '{}', propertySourceLocations = '{}', propertySourceProperties = '{}', contextCustomizers = set[org.springframework.boot.test.context.filter.ExcludeFilterContextCustomizer@9832c0b, org.springframework.boot.test.mock.mockito.MockitoContextCustomizer@0, org.springframework.boot.test.autoconfigure.properties.PropertyMappingContextCustomizer@0, org.springframework.boot.test.autoconfigure.web.servlet.WebDriverContextCustomizerFactory$Customizer@78fea8f9], contextLoader = 'org.springframework.test.context.support.DelegatingSmartContextLoader', parent = [null]]]
18:06:46.109 [Test worker] DEBUG org.springframework.test.context.cache - Spring test ApplicationContext cache statistics: [DefaultContextCache@42a799d5 size = 1, maxSize = 32, parentContextCount = 0, hitCount = 0, missCount = 1]
18:06:46.160 [Test worker] DEBUG org.springframework.test.context.support.AbstractDirtiesContextTestExecutionListener - Before test method: context [DefaultTestContext@5225b4c4 testClass = AskForLeaveApplicationTests, testInstance = cn.edu.tju.AskForLeaveApplicationTests@31709a6a, testMethod = contextLoads@AskForLeaveApplicationTests, testException = [null], mergedContextConfiguration = [MergedContextConfiguration@41d22b08 testClass = AskForLeaveApplicationTests, locations = '{}', classes = '{}', contextInitializerClasses = '[]', activeProfiles = '{}', propertySourceLocations = '{}', propertySourceProperties = '{}', contextCustomizers = set[org.springframework.boot.test.context.filter.ExcludeFilterContextCustomizer@9832c0b, org.springframework.boot.test.mock.mockito.MockitoContextCustomizer@0, org.springframework.boot.test.autoconfigure.properties.PropertyMappingContextCustomizer@0, org.springframework.boot.test.autoconfigure.web.servlet.WebDriverContextCustomizerFactory$Customizer@78fea8f9], contextLoader = 'org.springframework.test.context.support.DelegatingSmartContextLoader', parent = [null]]], class annotated with @DirtiesContext [false] with mode [null], method annotated with @DirtiesContext [false] with mode [null].
18:06:46.175 [Test worker] DEBUG org.springframework.test.context.cache.DefaultCacheAwareContextLoaderDelegate - Retrieved ApplicationContext from cache with key [[MergedContextConfiguration@41d22b08 testClass = AskForLeaveApplicationTests, locations = '{}', classes = '{}', contextInitializerClasses = '[]', activeProfiles = '{}', propertySourceLocations = '{}', propertySourceProperties = '{}', contextCustomizers = set[org.springframework.boot.test.context.filter.ExcludeFilterContextCustomizer@9832c0b, org.springframework.boot.test.mock.mockito.MockitoContextCustomizer@0, org.springframework.boot.test.autoconfigure.properties.PropertyMappingContextCustomizer@0, org.springframework.boot.test.autoconfigure.web.servlet.WebDriverContextCustomizerFactory$Customizer@78fea8f9], contextLoader = 'org.springframework.test.context.support.DelegatingSmartContextLoader', parent = [null]]]
18:06:46.175 [Test worker] DEBUG org.springframework.test.context.cache - Spring test ApplicationContext cache statistics: [DefaultContextCache@42a799d5 size = 1, maxSize = 32, parentContextCount = 0, hitCount = 1, missCount = 1]
18:06:46.177 [Test worker] DEBUG org.springframework.beans.factory.support.DefaultListableBeanFactory - Returning cached instance of singleton bean 'org.springframework.context.annotation.internalConfigurationAnnotationProcessor'
18:06:46.369 [Test worker] DEBUG org.springframework.beans.factory.support.DefaultListableBeanFactory - Returning cached instance of singleton bean 'org.springframework.context.annotation.internalAutowiredAnnotationProcessor'
18:06:46.370 [Test worker] DEBUG org.springframework.beans.factory.support.DefaultListableBeanFactory - Returning cached instance of singleton bean 'org.springframework.context.annotation.internalRequiredAnnotationProcessor'
18:06:46.370 [Test worker] DEBUG org.springframework.beans.factory.support.DefaultListableBeanFactory - Returning cached instance of singleton bean 'org.springframework.context.annotation.internalCommonAnnotationProcessor'
18:06:46.370 [Test worker] DEBUG org.springframework.beans.factory.support.DefaultListableBeanFactory - Returning cached instance of singleton bean 'org.springframework.context.annotation.internalPersistenceAnnotationProcessor'
18:06:46.370 [Test worker] DEBUG org.springframework.beans.factory.support.DefaultListableBeanFactory - Returning cached instance of singleton bean 'org.springframework.context.event.internalEventListenerProcessor'
18:06:46.371 [Test worker] DEBUG org.springframework.beans.factory.support.DefaultListableBeanFactory - Returning cached instance of singleton bean 'org.springframework.context.event.internalEventListenerFactory'
18:06:46.371 [Test worker] DEBUG org.springframework.beans.factory.support.DefaultListableBeanFactory - Returning cached instance of singleton bean 'org.springframework.boot.test.mock.mockito.MockitoPostProcessor$SpyPostProcessor'
18:06:46.371 [Test worker] DEBUG org.springframework.beans.factory.support.DefaultListableBeanFactory - Returning cached instance of singleton bean 'org.springframework.boot.test.mock.mockito.MockitoPostProcessor'
18:06:46.371 [Test worker] DEBUG org.springframework.beans.factory.support.DefaultListableBeanFactory - Returning cached instance of singleton bean 'org.springframework.context.annotation.ConfigurationClassPostProcessor.importAwareProcessor'
18:06:46.371 [Test worker] DEBUG org.springframework.beans.factory.support.DefaultListableBeanFactory - Returning cached instance of singleton bean 'org.springframework.context.annotation.ConfigurationClassPostProcessor.enhancedConfigurationProcessor'
18:06:46.374 [Test worker] DEBUG org.springframework.beans.factory.support.DefaultListableBeanFactory - Returning cached instance of singleton bean 'org.springframework.boot.test.mock.mockito.MockitoBeans'
18:06:46.377 [Test worker] DEBUG org.springframework.test.context.cache.DefaultCacheAwareContextLoaderDelegate - Retrieved ApplicationContext from cache with key [[MergedContextConfiguration@41d22b08 testClass = AskForLeaveApplicationTests, locations = '{}', classes = '{}', contextInitializerClasses = '[]', activeProfiles = '{}', propertySourceLocations = '{}', propertySourceProperties = '{}', contextCustomizers = set[org.springframework.boot.test.context.filter.ExcludeFilterContextCustomizer@9832c0b, org.springframework.boot.test.mock.mockito.MockitoContextCustomizer@0, org.springframework.boot.test.autoconfigure.properties.PropertyMappingContextCustomizer@0, org.springframework.boot.test.autoconfigure.web.servlet.WebDriverContextCustomizerFactory$Customizer@78fea8f9], contextLoader = 'org.springframework.test.context.support.DelegatingSmartContextLoader', parent = [null]]]
18:06:46.379 [Test worker] DEBUG org.springframework.test.context.cache - Spring test ApplicationContext cache statistics: [DefaultContextCache@42a799d5 size = 1, maxSize = 32, parentContextCount = 0, hitCount = 2, missCount = 1]
18:06:46.382 [Test worker] DEBUG org.springframework.test.context.cache.DefaultCacheAwareContextLoaderDelegate - Retrieved ApplicationContext from cache with key [[MergedContextConfiguration@41d22b08 testClass = AskForLeaveApplicationTests, locations = '{}', classes = '{}', contextInitializerClasses = '[]', activeProfiles = '{}', propertySourceLocations = '{}', propertySourceProperties = '{}', contextCustomizers = set[org.springframework.boot.test.context.filter.ExcludeFilterContextCustomizer@9832c0b, org.springframework.boot.test.mock.mockito.MockitoContextCustomizer@0, org.springframework.boot.test.autoconfigure.properties.PropertyMappingContextCustomizer@0, org.springframework.boot.test.autoconfigure.web.servlet.WebDriverContextCustomizerFactory$Customizer@78fea8f9], contextLoader = 'org.springframework.test.context.support.DelegatingSmartContextLoader', parent = [null]]]
18:06:46.382 [Test worker] DEBUG org.springframework.test.context.cache - Spring test ApplicationContext cache statistics: [DefaultContextCache@42a799d5 size = 1, maxSize = 32, parentContextCount = 0, hitCount = 3, missCount = 1]
18:06:46.386 [Test worker] DEBUG org.springframework.test.context.cache.DefaultCacheAwareContextLoaderDelegate - Retrieved ApplicationContext from cache with key [[MergedContextConfiguration@41d22b08 testClass = AskForLeaveApplicationTests, locations = '{}', classes = '{}', contextInitializerClasses = '[]', activeProfiles = '{}', propertySourceLocations = '{}', propertySourceProperties = '{}', contextCustomizers = set[org.springframework.boot.test.context.filter.ExcludeFilterContextCustomizer@9832c0b, org.springframework.boot.test.mock.mockito.MockitoContextCustomizer@0, org.springframework.boot.test.autoconfigure.properties.PropertyMappingContextCustomizer@0, org.springframework.boot.test.autoconfigure.web.servlet.WebDriverContextCustomizerFactory$Customizer@78fea8f9], contextLoader = 'org.springframework.test.context.support.DelegatingSmartContextLoader', parent = [null]]]
18:06:46.387 [Test worker] DEBUG org.springframework.test.context.cache - Spring test ApplicationContext cache statistics: [DefaultContextCache@42a799d5 size = 1, maxSize = 32, parentContextCount = 0, hitCount = 4, missCount = 1]
18:06:46.387 [Test worker] DEBUG org.springframework.beans.factory.support.DefaultListableBeanFactory - Returning cached instance of singleton bean 'org.springframework.context.annotation.internalConfigurationAnnotationProcessor'
18:06:46.388 [Test worker] DEBUG org.springframework.beans.factory.support.DefaultListableBeanFactory - Returning cached instance of singleton bean 'org.springframework.context.annotation.internalAutowiredAnnotationProcessor'
18:06:46.388 [Test worker] DEBUG org.springframework.beans.factory.support.DefaultListableBeanFactory - Returning cached instance of singleton bean 'org.springframework.context.annotation.internalRequiredAnnotationProcessor'
18:06:46.388 [Test worker] DEBUG org.springframework.beans.factory.support.DefaultListableBeanFactory - Returning cached instance of singleton bean 'org.springframework.context.annotation.internalCommonAnnotationProcessor'
18:06:46.389 [Test worker] DEBUG org.springframework.beans.factory.support.DefaultListableBeanFactory - Returning cached instance of singleton bean 'org.springframework.context.annotation.internalPersistenceAnnotationProcessor'
18:06:46.389 [Test worker] DEBUG org.springframework.beans.factory.support.DefaultListableBeanFactory - Returning cached instance of singleton bean 'org.springframework.context.event.internalEventListenerProcessor'
18:06:46.389 [Test worker] DEBUG org.springframework.beans.factory.support.DefaultListableBeanFactory - Returning cached instance of singleton bean 'org.springframework.context.event.internalEventListenerFactory'
18:06:46.389 [Test worker] DEBUG org.springframework.beans.factory.support.DefaultListableBeanFactory - Returning cached instance of singleton bean 'org.springframework.boot.test.mock.mockito.MockitoPostProcessor$SpyPostProcessor'
18:06:46.389 [Test worker] DEBUG org.springframework.beans.factory.support.DefaultListableBeanFactory - Returning cached instance of singleton bean 'org.springframework.boot.test.mock.mockito.MockitoPostProcessor'
18:06:46.390 [Test worker] DEBUG org.springframework.beans.factory.support.DefaultListableBeanFactory - Returning cached instance of singleton bean 'org.springframework.context.annotation.ConfigurationClassPostProcessor.importAwareProcessor'
18:06:46.390 [Test worker] DEBUG org.springframework.beans.factory.support.DefaultListableBeanFactory - Returning cached instance of singleton bean 'org.springframework.context.annotation.ConfigurationClassPostProcessor.enhancedConfigurationProcessor'
18:06:46.390 [Test worker] DEBUG org.springframework.beans.factory.support.DefaultListableBeanFactory - Returning cached instance of singleton bean 'org.springframework.boot.test.mock.mockito.MockitoBeans'
18:06:46.395 [Test worker] DEBUG org.springframework.test.context.support.AbstractDirtiesContextTestExecutionListener - After test method: context [DefaultTestContext@5225b4c4 testClass = AskForLeaveApplicationTests, testInstance = cn.edu.tju.AskForLeaveApplicationTests@31709a6a, testMethod = contextLoads@AskForLeaveApplicationTests, testException = [null], mergedContextConfiguration = [MergedContextConfiguration@41d22b08 testClass = AskForLeaveApplicationTests, locations = '{}', classes = '{}', contextInitializerClasses = '[]', activeProfiles = '{}', propertySourceLocations = '{}', propertySourceProperties = '{}', contextCustomizers = set[org.springframework.boot.test.context.filter.ExcludeFilterContextCustomizer@9832c0b, org.springframework.boot.test.mock.mockito.MockitoContextCustomizer@0, org.springframework.boot.test.autoconfigure.properties.PropertyMappingContextCustomizer@0, org.springframework.boot.test.autoconfigure.web.servlet.WebDriverContextCustomizerFactory$Customizer@78fea8f9], contextLoader = 'org.springframework.test.context.support.DelegatingSmartContextLoader', parent = [null]]], class annotated with @DirtiesContext [false] with mode [null], method annotated with @DirtiesContext [false] with mode [null].
18:06:46.403 [Test worker] DEBUG org.springframework.test.context.support.AbstractDirtiesContextTestExecutionListener - After test class: context [DefaultTestContext@5225b4c4 testClass = AskForLeaveApplicationTests, testInstance = [null], testMethod = [null], testException = [null], mergedContextConfiguration = [MergedContextConfiguration@41d22b08 testClass = AskForLeaveApplicationTests, locations = '{}', classes = '{}', contextInitializerClasses = '[]', activeProfiles = '{}', propertySourceLocations = '{}', propertySourceProperties = '{}', contextCustomizers = set[org.springframework.boot.test.context.filter.ExcludeFilterContextCustomizer@9832c0b, org.springframework.boot.test.mock.mockito.MockitoContextCustomizer@0, org.springframework.boot.test.autoconfigure.properties.PropertyMappingContextCustomizer@0, org.springframework.boot.test.autoconfigure.web.servlet.WebDriverContextCustomizerFactory$Customizer@78fea8f9], contextLoader = 'org.springframework.test.context.support.DelegatingSmartContextLoader', parent = [null]]], class annotated with @DirtiesContext [false] with mode [null].
]]></system-out>
  <system-err><![CDATA[]]></system-err>
</testsuite>
